0 info it worked if it ends with ok
1 verbose cli [ 'node',
1 verbose cli   '/usr/local/bin/npm',
1 verbose cli   'install',
1 verbose cli   '--save',
1 verbose cli   'https://github.com/CrabDude/trycatch.git' ]
2 info using npm@1.4.4
3 info using node@v0.10.26
4 warn package.json Includer@0.0.0 No description
5 warn package.json Includer@0.0.0 No README data
6 verbose readDependencies using package.json deps
7 verbose cache add [ 'https://github.com/CrabDude/trycatch.git', null ]
8 verbose cache add name=undefined spec="https://github.com/CrabDude/trycatch.git" args=["https://github.com/CrabDude/trycatch.git",null]
9 verbose parsed url { protocol: 'https:',
9 verbose parsed url   slashes: true,
9 verbose parsed url   auth: null,
9 verbose parsed url   host: 'github.com',
9 verbose parsed url   port: null,
9 verbose parsed url   hostname: 'github.com',
9 verbose parsed url   hash: null,
9 verbose parsed url   search: null,
9 verbose parsed url   query: null,
9 verbose parsed url   pathname: '/CrabDude/trycatch.git',
9 verbose parsed url   path: '/CrabDude/trycatch.git',
9 verbose parsed url   href: 'https://github.com/CrabDude/trycatch.git' }
10 silly lockFile 13dd8632-github-com-CrabDude-trycatch-git https://github.com/CrabDude/trycatch.git
11 verbose lock https://github.com/CrabDude/trycatch.git /Users/choover/.npm/13dd8632-github-com-CrabDude-trycatch-git.lock
12 verbose addRemoteTarball [ 'https://github.com/CrabDude/trycatch.git', null ]
13 info retry fetch attempt 1 at 19:16:13
14 verbose fetch to= /var/folders/x4/2wymwjs53hvfgvb4s4wybvyxyc78xg/T/npm-51184-J3R5ZBqT/1396566973906-0.0011134971864521503/tmp.tgz
15 http GET https://github.com/CrabDude/trycatch.git
16 http 200 https://github.com/CrabDude/trycatch.git
17 verbose tar unpack /var/folders/x4/2wymwjs53hvfgvb4s4wybvyxyc78xg/T/npm-51184-J3R5ZBqT/1396566973906-0.0011134971864521503/tmp.tgz
18 silly lockFile b330ccd2-06-0-0011134971864521503-package tar:///var/folders/x4/2wymwjs53hvfgvb4s4wybvyxyc78xg/T/npm-51184-J3R5ZBqT/1396566973906-0.0011134971864521503/package
19 verbose lock tar:///var/folders/x4/2wymwjs53hvfgvb4s4wybvyxyc78xg/T/npm-51184-J3R5ZBqT/1396566973906-0.0011134971864521503/package /Users/choover/.npm/b330ccd2-06-0-0011134971864521503-package.lock
20 silly lockFile 6b9b7eba-06-0-0011134971864521503-tmp-tgz tar:///var/folders/x4/2wymwjs53hvfgvb4s4wybvyxyc78xg/T/npm-51184-J3R5ZBqT/1396566973906-0.0011134971864521503/tmp.tgz
21 verbose lock tar:///var/folders/x4/2wymwjs53hvfgvb4s4wybvyxyc78xg/T/npm-51184-J3R5ZBqT/1396566973906-0.0011134971864521503/tmp.tgz /Users/choover/.npm/6b9b7eba-06-0-0011134971864521503-tmp-tgz.lock
22 silly gunzTarPerm modes [ '755', '644' ]
23 error not a package /var/folders/x4/2wymwjs53hvfgvb4s4wybvyxyc78xg/T/npm-51184-J3R5ZBqT/1396566973906-0.0011134971864521503/tmp.tgz
24 silly lockFile b330ccd2-06-0-0011134971864521503-package tar:///var/folders/x4/2wymwjs53hvfgvb4s4wybvyxyc78xg/T/npm-51184-J3R5ZBqT/1396566973906-0.0011134971864521503/package
25 silly lockFile b330ccd2-06-0-0011134971864521503-package tar:///var/folders/x4/2wymwjs53hvfgvb4s4wybvyxyc78xg/T/npm-51184-J3R5ZBqT/1396566973906-0.0011134971864521503/package
26 silly lockFile 6b9b7eba-06-0-0011134971864521503-tmp-tgz tar:///var/folders/x4/2wymwjs53hvfgvb4s4wybvyxyc78xg/T/npm-51184-J3R5ZBqT/1396566973906-0.0011134971864521503/tmp.tgz
27 silly lockFile 6b9b7eba-06-0-0011134971864521503-tmp-tgz tar:///var/folders/x4/2wymwjs53hvfgvb4s4wybvyxyc78xg/T/npm-51184-J3R5ZBqT/1396566973906-0.0011134971864521503/tmp.tgz
28 silly lockFile 13dd8632-github-com-CrabDude-trycatch-git https://github.com/CrabDude/trycatch.git
29 silly lockFile 13dd8632-github-com-CrabDude-trycatch-git https://github.com/CrabDude/trycatch.git
30 error Error: ENOENT, open '/var/folders/x4/2wymwjs53hvfgvb4s4wybvyxyc78xg/T/npm-51184-J3R5ZBqT/1396566973906-0.0011134971864521503/package/package.json'
31 error If you need help, you may report this *entire* log,
31 error including the npm and node versions, at:
31 error     <http://github.com/npm/npm/issues>
32 error System Darwin 13.1.0
33 error command "node" "/usr/local/bin/npm" "install" "--save" "https://github.com/CrabDude/trycatch.git"
34 error cwd /Users/choover/workspace/sandbox/Includer
35 error node -v v0.10.26
36 error npm -v 1.4.4
37 error path /var/folders/x4/2wymwjs53hvfgvb4s4wybvyxyc78xg/T/npm-51184-J3R5ZBqT/1396566973906-0.0011134971864521503/package/package.json
38 error code ENOENT
39 error errno 34
40 verbose exit [ 34, true ]
